Build started 9/25/2015 11:11:23 AM.
     1>Project "C:\Users\WilsonCS30\Documents\simple-neural-net\NeuralNet\NeuralNet\NeuralNet.vcxproj" on node 2 (Build target(s)).
     1>ClCompile:
         C:\Program Files (x86)\Microsoft Visual Studio 12.0\VC\bin\CL.exe /c /ZI /nologo /W3 /WX- /sdl /Od /Oy- /D WIN32 /D _DEBUG /D _CONSOLE /D _LIB /D _UNICODE /D UNICODE /Gm /EHsc /RTC1 /MDd /GS /fp:precise /Zc:wchar_t /Zc:forScope /Yc"stdafx.h" /Fp"Debug\NeuralNet.pch" /Fo"Debug\\" /Fd"Debug\vc120.pdb" /Gd /TP /analyze- /errorReport:prompt main.cpp
         main.cpp
     1>c:\users\wilsoncs30\documents\simple-neural-net\neuralnet\neuralnet\neuralnet.h(17): error C2039: 'function' : is not a member of 'std'
     1>c:\users\wilsoncs30\documents\simple-neural-net\neuralnet\neuralnet\neuralnet.h(17): error C2061: syntax error : identifier 'function'
     1>c:\users\wilsoncs30\documents\simple-neural-net\neuralnet\neuralnet\main.cpp(60): warning C4244: 'argument' : conversion from 'time_t' to 'unsigned int', possible loss of data
     1>c:\users\wilsoncs30\documents\simple-neural-net\neuralnet\neuralnet\main.cpp(62): error C2660: 'NeuralNet::Init' : function does not take 2 arguments
     1>Done Building Project "C:\Users\WilsonCS30\Documents\simple-neural-net\NeuralNet\NeuralNet\NeuralNet.vcxproj" (Build target(s)) -- FAILED.

Build FAILED.

Time Elapsed 00:00:00.61
